INFO:root:info message
WARNING:root:warn message
ERROR:root:error message
CRITICAL:root:critical message V1
DEBUG:example:debug message #2
INFO:example:info message #2
Fri 24 Mar 2023 07:01:45 WARNING log.py 39 6163 warn message #2
WARNING:example:warn message #2
Fri 24 Mar 2023 07:01:45 ERROR log.py 40 6163 error message #2
ERROR:example:error message #2
Fri 24 Mar 2023 07:01:45 CRITICAL log.py 41 6163 critical message #2
CRITICAL:example:critical message #2
INFO:root:info message
WARNING:root:warn message
ERROR:root:error message
CRITICAL:root:critical message V1
DEBUG:example:debug message #2
INFO:example:info message #2
Fri 24 Mar 2023 07:04:40 WARNING log.py 40 6815 warn message #2
WARNING:example:warn message #2
Fri 24 Mar 2023 07:04:40 ERROR log.py 41 6815 error message #2
ERROR:example:error message #2
Fri 24 Mar 2023 07:04:40 CRITICAL log.py 42 6815 critical message #2
CRITICAL:example:critical message #2
INFO:root:info message
WARNING:root:warn message
ERROR:root:error message
CRITICAL:root:critical message V1
DEBUG:example:debug message #2
INFO:example:info message #2
Fri 24 Mar 2023 07:05:00 WARNING log.py 40 6913 warn message #2
WARNING:example:warn message #2
Fri 24 Mar 2023 07:05:00 ERROR log.py 41 6913 error message #2
ERROR:example:error message #2
Fri 24 Mar 2023 07:05:00 CRITICAL log.py 42 6913 critical message #2
CRITICAL:example:critical message #2
INFO:root:info message
WARNING:root:warn message
ERROR:root:error message
CRITICAL:root:critical message V1
DEBUG:example:debug message #2
INFO:example:info message #2
Fri 24 Mar 2023 07:05:22 WARNING log.py 40 6997 warn message #2
WARNING:example:warn message #2
Fri 24 Mar 2023 07:05:22 ERROR log.py 41 6997 error message #2
ERROR:example:error message #2
Fri 24 Mar 2023 07:05:22 CRITICAL log.py 42 6997 critical message #2
CRITICAL:example:critical message #2
INFO:root:info message
WARNING:root:warn message
ERROR:root:error message
CRITICAL:root:critical message V1
DEBUG:example:debug message #2
INFO:example:info message #2
Fri 24 Mar 2023 07:05:29 WARNING log.py 40 7044 warn message #2
WARNING:example:warn message #2
Fri 24 Mar 2023 07:05:29 ERROR log.py 41 7044 error message #2
ERROR:example:error message #2
Fri 24 Mar 2023 07:05:29 CRITICAL log.py 42 7044 critical message #2
CRITICAL:example:critical message #2
INFO:root:info message
WARNING:root:warn message
ERROR:root:error message
CRITICAL:root:critical message V1
DEBUG:example:debug message #2
INFO:example:info message #2
Fri 24 Mar 2023 07:05:41 WARNING log.py 40 7100 warn message #2
WARNING:example:warn message #2
Fri 24 Mar 2023 07:05:41 ERROR log.py 41 7100 error message #2
ERROR:example:error message #2
Fri 24 Mar 2023 07:05:41 CRITICAL log.py 42 7100 critical message #2
CRITICAL:example:critical message #2
INFO:root:info message
WARNING:root:warn message
ERROR:root:error message
CRITICAL:root:critical message V1
DEBUG:example:debug message #2
INFO:example:info message #2
Fri 24 Mar 2023 07:07:43 WARNING log.py 40 7528 warn message #2
WARNING:example:warn message #2
Fri 24 Mar 2023 07:07:43 ERROR log.py 41 7528 error message #2
ERROR:example:error message #2
Fri 24 Mar 2023 07:07:43 CRITICAL log.py 42 7528 critical message #2
CRITICAL:example:critical message #2
INFO:root:info message
WARNING:root:warn message
ERROR:root:error message
CRITICAL:root:critical message V1
DEBUG:example:debug message #2
INFO:example:info message #2
Fri 24 Mar 2023 07:08:28 WARNING log.py 40 7691 warn message #2
WARNING:example:warn message #2
Fri 24 Mar 2023 07:08:28 ERROR log.py 41 7691 error message #2
ERROR:example:error message #2
Fri 24 Mar 2023 07:08:28 CRITICAL log.py 42 7691 critical message #2
CRITICAL:example:critical message #2
INFO:root:info message
WARNING:root:warn message
ERROR:root:error message
CRITICAL:root:critical message V1
DEBUG:example:debug message #2
INFO:example:info message #2
Tue 04 Apr 2023 02:55:41 WARNING log.py 40 139 warn message #2
WARNING:example:warn message #2
Tue 04 Apr 2023 02:55:41 ERROR log.py 41 139 error message #2
ERROR:example:error message #2
Tue 04 Apr 2023 02:55:41 CRITICAL log.py 42 139 critical message #2
CRITICAL:example:critical message #2
